# JRE version: Java(TM) SE Runtime Environment (20.0.1+9) (build 20.0.1+9-29)
# Java VM: Java HotSpot(TM) 64-Bit Server VM (20.0.1+9-29, mixed mode, sharing, tiered, compressed oops, compressed class ptrs, g1 gc, windows-amd64)
GC Precious Log:
 CardTable entry size: 512
 Card Set container configuration: InlinePtr #cards 4 size 8 Array Of Cards #cards 16 size 48 Howl #buckets 8 coarsen threshold 3686 Howl Bitmap #cards 512 size 80 coarsen threshold 460 Card regions per heap region 1 cards per card region 4096
 CPUs: 12 total, 12 available
 Memory: 16171M
 Large Page Support: Disabled
 NUMA Support: Disabled
 Compressed Oops: Enabled (Zero based)
 Heap Region Size: 2M
 Heap Min Capacity: 8M
 Heap Initial Capacity: 254M
 Heap Max Capacity: 4044M
 Pre-touch: Disabled
 Parallel Workers: 10
 Concurrent Workers: 3
 Concurrent Refinement Workers: 10
 Periodic GC: Disabled
Heap:
 garbage-first heap   total 114688K, used 87955K [0x0000000703400000, 0x0000000800000000)
  region size 2048K, 32 young (65536K), 3 survivors (6144K)
 Metaspace       used 74128K, committed 74880K, reserved 1114112K
  class space    used 10050K, committed 10368K, reserved 1048576K
GC Heap History (20 events):
Event: 0.667 GC heap before
{Heap before GC invocations=0 (full 0):
 garbage-first heap   total 260096K, used 20480K [0x0000000703400000, 0x0000000800000000)
  region size 2048K, 11 young (22528K), 0 survivors (0K)
 Metaspace       used 4783K, committed 4992K, reserved 1114112K
  class space    used 529K, committed 576K, reserved 1048576K
}
Event: 0.671 GC heap after
{Heap after GC invocations=1 (full 0):
 garbage-first heap   total 260096K, used 8115K [0x0000000703400000, 0x0000000800000000)
  region size 2048K, 2 young (4096K), 2 survivors (4096K)
 Metaspace       used 4783K, committed 4992K, reserved 1114112K
  class space    used 529K, committed 576K, reserved 1048576K
}
Event: 1.155 GC heap before
{Heap before GC invocations=1 (full 0):
 garbage-first heap   total 260096K, used 30643K [0x0000000703400000, 0x0000000800000000)
  region size 2048K, 14 young (28672K), 2 survivors (4096K)
 Metaspace       used 11196K, committed 11520K, reserved 1114112K
  class space    used 1357K, committed 1536K, reserved 1048576K
}
Event: 1.158 GC heap after
{Heap after GC invocations=2 (full 0):
 garbage-first heap   total 260096K, used 10180K [0x0000000703400000, 0x0000000800000000)
  region size 2048K, 1 young (2048K), 1 survivors (2048K)
 Metaspace       used 11196K, committed 11520K, reserved 1114112K
  class space    used 1357K, committed 1536K, reserved 1048576K
}
Event: 2.100 GC heap before
{Heap before GC invocations=2 (full 0):
 garbage-first heap   total 260096K, used 65476K [0x0000000703400000, 0x0000000800000000)
  region size 2048K, 30 young (61440K), 1 survivors (2048K)
 Metaspace       used 21142K, committed 21504K, reserved 1114112K
  class space    used 2499K, committed 2688K, reserved 1048576K
}
Event: 2.106 GC heap after
{Heap after GC invocations=3 (full 0):
 garbage-first heap   total 260096K, used 15285K [0x0000000703400000, 0x0000000800000000)
  region size 2048K, 4 young (8192K), 4 survivors (8192K)
 Metaspace       used 21142K, committed 21504K, reserved 1114112K
  class space    used 2499K, committed 2688K, reserved 1048576K
}
Event: 3.270 GC heap before
{Heap before GC invocations=4 (full 0):
 garbage-first heap   total 69632K, used 66485K [0x0000000703400000, 0x0000000800000000)
  region size 2048K, 29 young (59392K), 4 survivors (8192K)
 Metaspace       used 29637K, committed 30080K, reserved 1114112K
  class space    used 3746K, committed 3904K, reserved 1048576K
}
Event: 3.278 GC heap after
{Heap after GC invocations=5 (full 0):
 garbage-first heap   total 81920K, used 19872K [0x0000000703400000, 0x0000000800000000)
  region size 2048K, 6 young (12288K), 6 survivors (12288K)
 Metaspace       used 29637K, committed 30080K, reserved 1114112K
  class space    used 3746K, committed 3904K, reserved 1048576K
}
Event: 3.983 GC heap before
{Heap before GC invocations=5 (full 0):
 garbage-first heap   total 81920K, used 52640K [0x0000000703400000, 0x0000000800000000)
  region size 2048K, 23 young (47104K), 6 survivors (12288K)
 Metaspace       used 35398K, committed 35968K, reserved 1114112K
  class space    used 4483K, committed 4736K, reserved 1048576K
}
Event: 3.991 GC heap after
{Heap after GC invocations=6 (full 0):
 garbage-first heap   total 81920K, used 22070K [0x0000000703400000, 0x0000000800000000)
  region size 2048K, 2 young (4096K), 2 survivors (4096K)
 Metaspace       used 35398K, committed 35968K, reserved 1114112K
  class space    used 4483K, committed 4736K, reserved 1048576K
}
Event: 4.021 GC heap before
{Heap before GC invocations=6 (full 0):
 garbage-first heap   total 81920K, used 22070K [0x0000000703400000, 0x0000000800000000)
  region size 2048K, 3 young (6144K), 2 survivors (4096K)
 Metaspace       used 35721K, committed 36288K, reserved 1114112K
  class space    used 4540K, committed 4800K, reserved 1048576K
}
Event: 4.023 GC heap after
{Heap after GC invocations=7 (full 0):
 garbage-first heap   total 81920K, used 21557K [0x0000000703400000, 0x0000000800000000)
  region size 2048K, 2 young (4096K), 2 survivors (4096K)
 Metaspace       used 35721K, committed 36288K, reserved 1114112K
  class space    used 4540K, committed 4800K, reserved 1048576K
}
Event: 5.048 GC heap before
{Heap before GC invocations=8 (full 0):
 garbage-first heap   total 81920K, used 64565K [0x0000000703400000, 0x0000000800000000)
  region size 2048K, 23 young (47104K), 2 survivors (4096K)
 Metaspace       used 46990K, committed 47552K, reserved 1114112K
  class space    used 6073K, committed 6336K, reserved 1048576K
}
Event: 5.053 GC heap after
{Heap after GC invocations=9 (full 0):
 garbage-first heap   total 81920K, used 24271K [0x0000000703400000, 0x0000000800000000)
  region size 2048K, 3 young (6144K), 3 survivors (6144K)
 Metaspace       used 46990K, committed 47552K, reserved 1114112K
  class space    used 6073K, committed 6336K, reserved 1048576K
}
Event: 5.813 GC heap before
{Heap before GC invocations=9 (full 0):
 garbage-first heap   total 81920K, used 67279K [0x0000000703400000, 0x0000000800000000)
  region size 2048K, 24 young (49152K), 3 survivors (6144K)
 Metaspace       used 55810K, committed 56448K, reserved 1114112K
  class space    used 7453K, committed 7744K, reserved 1048576K
}
Event: 5.819 GC heap after
{Heap after GC invocations=10 (full 0):
 garbage-first heap   total 81920K, used 26034K [0x0000000703400000, 0x0000000800000000)
  region size 2048K, 3 young (6144K), 3 survivors (6144K)
 Metaspace       used 55810K, committed 56448K, reserved 1114112K
  class space    used 7453K, committed 7744K, reserved 1048576K
}
Event: 6.474 GC heap before
{Heap before GC invocations=10 (full 0):
 garbage-first heap   total 81920K, used 50610K [0x0000000703400000, 0x0000000800000000)
  region size 2048K, 16 young (32768K), 3 survivors (6144K)
 Metaspace       used 60148K, committed 60736K, reserved 1114112K
  class space    used 8046K, committed 8320K, reserved 1048576K
}
Event: 6.479 GC heap after
{Heap after GC invocations=11 (full 0):
 garbage-first heap   total 81920K, used 28102K [0x0000000703400000, 0x0000000800000000)
  region size 2048K, 3 young (6144K), 3 survivors (6144K)
 Metaspace       used 60148K, committed 60736K, reserved 1114112K
  class space    used 8046K, committed 8320K, reserved 1048576K
}
Event: 7.134 GC heap before
{Heap before GC invocations=12 (full 0):
 garbage-first heap   total 81920K, used 69062K [0x0000000703400000, 0x0000000800000000)
  region size 2048K, 23 young (47104K), 3 survivors (6144K)
 Metaspace       used 64410K, committed 65024K, reserved 1114112K
  class space    used 8694K, committed 8960K, reserved 1048576K
}
Event: 7.139 GC heap after
{Heap after GC invocations=13 (full 0):
 garbage-first heap   total 114688K, used 30611K [0x0000000703400000, 0x0000000800000000)
  region size 2048K, 3 young (6144K), 3 survivors (6144K)
 Metaspace       used 64410K, committed 65024K, reserved 1114112K
  class space    used 8694K, committed 8960K, reserved 1048576K
}

